TN:
SF:C:\Users\logan\Desktop\Workspace\boilerplate\src\App.js
FN:13,App
FNF:1
FNH:1
FNDA:1,App
DA:14,1
LF:1
LH:1
BRF:0
BRH:0
end_of_record
TN:
SF:C:\Users\logan\Desktop\Workspace\boilerplate\src\Routes.js
FN:8,Routes
FNF:1
FNH:1
FNDA:1,Routes
DA:9,1
LF:1
LH:1
BRF:0
BRH:0
end_of_record
TN:
SF:C:\Users\logan\Desktop\Workspace\boilerplate\src\Pages\About\About.js
FN:6,About
FNF:1
FNH:1
FNDA:1,About
DA:7,1
LF:1
LH:1
BRF:0
BRH:0
end_of_record
TN:
SF:C:\Users\logan\Desktop\Workspace\boilerplate\src\Pages\Dashboard\Dashboard.js
FN:6,Dashboard
FNF:1
FNH:1
FNDA:1,Dashboard
DA:7,1
LF:1
LH:1
BRF:0
BRH:0
end_of_record
TN:
SF:C:\Users\logan\Desktop\Workspace\boilerplate\src\Pages\Home\Home.js
FN:6,Home
FNF:1
FNH:1
FNDA:2,Home
DA:7,2
LF:1
LH:1
BRF:0
BRH:0
end_of_record
TN:
SF:C:\Users\logan\Desktop\Workspace\boilerplate\src\Pages\Login\Login.js
FN:5,Login
FN:9,validateForm
FN:13,handleSubmit
FN:26,(anonymous_3)
FN:33,(anonymous_4)
FNF:5
FNH:2
FNDA:1,Login
FNDA:1,validateForm
FNDA:0,handleSubmit
FNDA:0,(anonymous_3)
FNDA:0,(anonymous_4)
DA:6,1
DA:7,1
DA:10,1
DA:14,0
DA:17,1
DA:26,0
DA:33,0
LF:7
LH:4
BRDA:10,0,0,1
BRDA:10,0,1,0
BRF:2
BRH:1
end_of_record
